Logging LevelPack
16:37:5109/21/23

=== ect_inf_arf_trooper.lvl ===
Missing file com_weap_inf_ord_hum_sm.class
    Reqd by ..\common\munged\pc\com_weap_inf_rifle_ord.class.req
            ..\common\munged\pc\com_weap_inf_pistol_ord.class.req
            ..\common\munged\pc\com_weap_award_rifle_ord.class.req
            ..\common\munged\pc\com_weap_award_pistol_ord.class.req
Missing file com_weap_inf_equip_med.class
    Reqd by munged\pc\rep_weap_inf_rifle.class.req
            munged\pc\rep_weap_award_rifle.class.req
Missing file com_weap_inf_equip_sm.class
    Reqd by munged\pc\rep_weap_inf_pistol.class.req
            munged\pc\rep_weap_award_pistol.class.req
Missing file thermal_detonator.class
    Reqd by munged\pc\fst_weap_inf_orbital_beacon_ord.class.req
Missing file com_weap_inf_ord_hum_lg.class
    Reqd by munged\pc\rep_weap_inf_orbital_attack_salvo_ord.class.req
            munged\pc\fst_weap_inf_orbital_beacon_ord.class.req

=== kam_fly_ride_gunship.lvl ===
Missing file hud_rep_gunship_icon.texture
    Reqd by munged\pc\kam_fly_ride_gunship.class.req
Missing file com_weap_inf_ord_hum_lg.class
    Reqd by ..\common\munged\pc\com_weap_veh_fly_recoilless_ord.class.req
Missing file vehicle_equip.class
    Reqd by ..\common\munged\pc\com_weap_veh_fly_torpedo.class.req
Missing file large_cannon_impacts.config
    Reqd by ..\common\munged\pc\com_weap_veh_fly_torpedo_ord.class.req
Missing file all_proton_torpedo.class
    Reqd by ..\common\munged\pc\com_weap_veh_fly_torpedo_ord.class.req
Missing file com_weap_inf_ord_hum_rocket.class
    Reqd by ..\common\munged\pc\com_weap_veh_fly_torpedo_ord.class.req
Missing file hud_all_lascannon_icon.texture
    Reqd by munged\pc\rep_weap_fly_gunship_wing.class.req
Missing file reticule_rifle.texture
    Reqd by munged\pc\rep_weap_fly_gunship_wing.class.req
Missing file hud_weap_semiauto.texture
    Reqd by munged\pc\rep_weap_fly_gunship_wing.class.req
Missing file cis_sfx_weap_spiderdroid_ord_exp.config
    Reqd by munged\pc\rep_weap_fly_gunship_wing_ord.class.req
Missing file dirtspray.config
    Reqd by munged\pc\kam_fly_ride_gunship.class.req

=== rep_bldg_forwardcenter.lvl ===
Missing file hud_rep_forward_comm_icon.texture
    Reqd by munged\pc\rep_bldg_forwardcenter.class.req

=== rep_fly_anakinstarfighter.lvl ===
Missing file rep_fly_anakinstarfighter.class
    Reqd by ..\..\..\sides\ect\req\rep_fly_anakinstarfighter.req

=== rep_fly_anakinstarfighter_sc.lvl ===
Missing file hud_rep_jedistarfighter_icon.texture
    Reqd by munged\pc\rep_fly_anakinstarfighter_sc.class.req
Missing file reticule_rifle.texture
    Reqd by ..\common\munged\pc\com_weap_veh_fly_scoutlasers.class.req
Missing file hud_all_lascannon_icon.texture
    Reqd by ..\common\munged\pc\com_weap_veh_fly_scoutlasers.class.req
Missing file com_weap_inf_ord_hum_lg.class
    Reqd by munged\pc\rep_weap_fly_jedifighter_cannon_ord.class.req
Missing file com_weap_inf_ord_hum_rocket.class
    Reqd by munged\pc\rep_weap_fly_jedifighter_missile_ord.class.req

=== rep_fly_arc170fighter.lvl ===
Missing file rep_fly_arc170fighter.class
    Reqd by ..\..\..\sides\ect\req\rep_fly_arc170fighter.req

=== rep_fly_arc170fighter_dome.lvl ===
Missing file rep_fly_arc170fighter_dome.class
    Reqd by ..\..\..\sides\ect\req\rep_fly_arc170fighter_dome.req

=== rep_fly_arc170fighter_sc.lvl ===
Missing file hud_rep_jedistarfighter_icon.texture
    Reqd by munged\pc\rep_fly_arc170fighter_sc.class.req
Missing file com_weap_inf_ord_hum_lg.class
    Reqd by ..\common\munged\pc\com_weap_veh_fly_multilasers_ord.class.req
Missing file vehicle_equip.class
    Reqd by ..\common\munged\pc\com_weap_veh_fly_torpedo.class.req
Missing file large_cannon_impacts.config
    Reqd by ..\common\munged\pc\com_weap_veh_fly_torpedo_ord.class.req
Missing file all_proton_torpedo.class
    Reqd by ..\common\munged\pc\com_weap_veh_fly_torpedo_ord.class.req
Missing file com_weap_inf_ord_hum_rocket.class
    Reqd by ..\common\munged\pc\com_weap_veh_fly_torpedo_ord.class.req

=== rep_fly_gunship.lvl ===
Missing file hud_rep_gunship_icon.texture
    Reqd by munged\pc\rep_fly_gunship.class.req
Missing file com_weap_inf_ord_hum_lg.class
    Reqd by ..\common\munged\pc\com_weap_veh_fly_recoilless_ord.class.req
Missing file vehicle_equip.class
    Reqd by ..\common\munged\pc\com_weap_veh_fly_torpedo.class.req
Missing file large_cannon_impacts.config
    Reqd by ..\common\munged\pc\com_weap_veh_fly_torpedo_ord.class.req
Missing file all_proton_torpedo.class
    Reqd by ..\common\munged\pc\com_weap_veh_fly_torpedo_ord.class.req
Missing file com_weap_inf_ord_hum_rocket.class
    Reqd by ..\common\munged\pc\com_weap_veh_fly_torpedo_ord.class.req
Missing file hud_all_lascannon_icon.texture
    Reqd by munged\pc\rep_weap_fly_gunship_wing.class.req
Missing file reticule_rifle.texture
    Reqd by munged\pc\rep_weap_fly_gunship_wing.class.req
Missing file hud_weap_semiauto.texture
    Reqd by munged\pc\rep_weap_fly_gunship_wing.class.req
Missing file cis_sfx_weap_spiderdroid_ord_exp.config
    Reqd by munged\pc\rep_weap_fly_gunship_wing_ord.class.req
Missing file dirtspray.config
    Reqd by munged\pc\rep_fly_gunship.class.req

=== rep_fly_gunship_sc.lvl ===
Missing file hud_rep_gunship_icon.texture
    Reqd by munged\pc\rep_fly_gunship_sc.class.req
Missing file com_weap_inf_ord_hum_lg.class
    Reqd by ..\common\munged\pc\com_weap_veh_fly_recoilless_ord.class.req
Missing file vehicle_equip.class
    Reqd by ..\common\munged\pc\com_weap_veh_fly_torpedo.class.req
Missing file large_cannon_impacts.config
    Reqd by ..\common\munged\pc\com_weap_veh_fly_torpedo_ord.class.req
Missing file all_proton_torpedo.class
    Reqd by ..\common\munged\pc\com_weap_veh_fly_torpedo_ord.class.req
Missing file com_weap_inf_ord_hum_rocket.class
    Reqd by ..\common\munged\pc\com_weap_veh_fly_torpedo_ord.class.req
Missing file hud_com_probedroid_health_icon.texture
    Reqd by ..\common\munged\pc\com_weap_veh_fly_guided_rocket.class.req
Missing file x-wing_icon.texture
    Reqd by ..\common\munged\pc\com_weap_veh_fly_guided_rocket_ord.class.req
Missing file hud_all_xwing_icon.texture
    Reqd by ..\common\munged\pc\com_weap_veh_fly_guided_rocket_ord.class.req
Missing file reticule_rifle.texture
    Reqd by ..\common\munged\pc\com_weap_null.class.req
Missing file dirtspray.config
    Reqd by munged\pc\rep_fly_gunship_sc.class.req

=== rep_fly_jedifighter.lvl ===
Missing file rep_fly_jedifighter.class
    Reqd by ..\..\..\sides\ect\req\rep_fly_jedifighter.req

=== rep_fly_jedifighter_sc.lvl ===
Missing file hud_rep_jedistarfighter_icon.texture
    Reqd by munged\pc\rep_fly_jedifighter_sc.class.req
Missing file rep_fly_jedifighter.model
    Reqd by munged\pc\rep_fly_jedifighter_sc.class.req
Missing file reticule_rifle.texture
    Reqd by munged\pc\rep_weap_fly_jedifighter_cannon.class.req
Missing file hud_all_lascannon_icon.texture
    Reqd by munged\pc\rep_weap_fly_jedifighter_cannon.class.req
Missing file com_weap_inf_ord_hum_lg.class
    Reqd by munged\pc\rep_weap_fly_jedifighter_cannon_ord.class.req
Missing file hud_weap_semiauto.texture
    Reqd by munged\pc\rep_weap_fly_jedifighter_missile.class.req
Missing file reticule_rocket.texture
    Reqd by munged\pc\rep_weap_fly_jedifighter_missile.class.req
Missing file com_weap_inf_ord_hum_rocket.class
    Reqd by munged\pc\rep_weap_fly_jedifighter_missile_ord.class.req
Missing file dirtspray.config
    Reqd by munged\pc\rep_fly_jedifighter_sc.class.req

=== rep_fly_ride_gunship.lvl ===
Missing file hud_rep_gunship_icon.texture
    Reqd by munged\pc\rep_fly_ride_gunship.class.req
Missing file com_weap_inf_ord_hum_lg.class
    Reqd by ..\common\munged\pc\com_weap_veh_fly_recoilless_ord.class.req
Missing file vehicle_equip.class
    Reqd by ..\common\munged\pc\com_weap_veh_fly_torpedo.class.req
Missing file large_cannon_impacts.config
    Reqd by ..\common\munged\pc\com_weap_veh_fly_torpedo_ord.class.req
Missing file all_proton_torpedo.class
    Reqd by ..\common\munged\pc\com_weap_veh_fly_torpedo_ord.class.req
Missing file com_weap_inf_ord_hum_rocket.class
    Reqd by ..\common\munged\pc\com_weap_veh_fly_torpedo_ord.class.req
Missing file hud_all_lascannon_icon.texture
    Reqd by munged\pc\rep_weap_fly_gunship_wing.class.req
Missing file reticule_rifle.texture
    Reqd by munged\pc\rep_weap_fly_gunship_wing.class.req
Missing file hud_weap_semiauto.texture
    Reqd by munged\pc\rep_weap_fly_gunship_wing.class.req
Missing file cis_sfx_weap_spiderdroid_ord_exp.config
    Reqd by munged\pc\rep_weap_fly_gunship_wing_ord.class.req
Missing file dirtspray.config
    Reqd by munged\pc\rep_fly_ride_gunship.class.req

=== rep_fly_shuttleproto.lvl ===
Missing file rep_fly_shuttleproto.class
    Reqd by ..\..\..\sides\ect\req\rep_fly_shuttleproto.req

=== rep_fly_vtrans.lvl ===
Missing file rep_fly_vtrans.class
    Reqd by ..\..\..\sides\ect\req\rep_fly_vtrans.req

=== rep_fly_vwing.lvl ===
Missing file hud_rep_jedistarfighter_icon.texture
    Reqd by munged\pc\rep_fly_vwing.class.req
Missing file com_weap_inf_ord_hum_lg.class
    Reqd by ..\common\munged\pc\com_weap_veh_fly_chaingun_ord.class.req
Missing file com_weap_inf_ord_hum_rocket.class
    Reqd by ..\common\munged\pc\com_weap_veh_fly_bombs_ord.class.req

=== rep_hero_aalya.lvl ===
Missing file imp_blasterrifle_icon.texture
    Reqd by ..\common\munged\pc\com_weap_inf_sabre_throw.class.req
Missing file hud_weap_semiauto.texture
    Reqd by ..\common\munged\pc\com_weap_inf_sabre_throw.class.req
Missing file reticule_rifle.texture
    Reqd by ..\common\munged\pc\com_weap_inf_sabre_throw.class.req
Missing file saber_twirl.class
    Reqd by ..\common\munged\pc\com_weap_inf_sabre_throw_ord.class.req

=== rep_hero_anakin.lvl ===
Missing file imp_blasterrifle_icon.texture
    Reqd by ..\common\munged\pc\com_weap_inf_sabre_throw.class.req
Missing file hud_weap_semiauto.texture
    Reqd by ..\common\munged\pc\com_weap_inf_sabre_throw.class.req
Missing file reticule_rifle.texture
    Reqd by ..\common\munged\pc\com_weap_inf_sabre_throw.class.req
Missing file saber_twirl.class
    Reqd by ..\common\munged\pc\com_weap_inf_sabre_throw_ord.class.req
Missing file choke.config
    Reqd by ..\common\munged\pc\com_weap_inf_force_choke.class.req
Missing file noicon.texture
    Reqd by munged\pc\rep_inf_ep3anakin_low1.model.req

=== rep_hero_cloakedanakin.lvl ===
Missing file rep_inf_ep3cloakedanakin_skirt.class
    Reqd by munged\pc\rep_hero_cloakedanakin.class.req
Missing file imp_blasterrifle_icon.texture
    Reqd by ..\common\munged\pc\com_weap_inf_sabre_throw.class.req
Missing file hud_weap_semiauto.texture
    Reqd by ..\common\munged\pc\com_weap_inf_sabre_throw.class.req
Missing file reticule_rifle.texture
    Reqd by ..\common\munged\pc\com_weap_inf_sabre_throw.class.req
Missing file saber_twirl.class
    Reqd by ..\common\munged\pc\com_weap_inf_sabre_throw_ord.class.req
Missing file choke.config
    Reqd by ..\common\munged\pc\com_weap_inf_force_choke.class.req

=== rep_hero_kiyadimundi.lvl ===
Missing file imp_blasterrifle_icon.texture
    Reqd by ..\common\munged\pc\com_weap_inf_sabre_throw.class.req
Missing file hud_weap_semiauto.texture
    Reqd by ..\common\munged\pc\com_weap_inf_sabre_throw.class.req
Missing file reticule_rifle.texture
    Reqd by ..\common\munged\pc\com_weap_inf_sabre_throw.class.req
Missing file saber_twirl.class
    Reqd by ..\common\munged\pc\com_weap_inf_sabre_throw_ord.class.req

=== rep_hero_luke_jedi.lvl ===
Missing file rep_hero_luke_jedi.class
    Reqd by ..\..\..\sides\ect\req\rep_hero_luke_jedi.req

=== rep_hero_macewindu.lvl ===
Missing file imp_blasterrifle_icon.texture
    Reqd by ..\common\munged\pc\com_weap_inf_sabre_throw.class.req
Missing file hud_weap_semiauto.texture
    Reqd by ..\common\munged\pc\com_weap_inf_sabre_throw.class.req
Missing file reticule_rifle.texture
    Reqd by ..\common\munged\pc\com_weap_inf_sabre_throw.class.req
Missing file saber_twirl.class
    Reqd by ..\common\munged\pc\com_weap_inf_sabre_throw_ord.class.req
Missing file noicon.texture
    Reqd by munged\pc\rep_inf_macewindu_low1.model.req

=== rep_hero_macewindu_obi.lvl ===
Missing file imp_blasterrifle_icon.texture
    Reqd by ..\common\munged\pc\com_weap_inf_sabre_throw.class.req
Missing file hud_weap_semiauto.texture
    Reqd by ..\common\munged\pc\com_weap_inf_sabre_throw.class.req
Missing file reticule_rifle.texture
    Reqd by ..\common\munged\pc\com_weap_inf_sabre_throw.class.req
Missing file saber_twirl.class
    Reqd by ..\common\munged\pc\com_weap_inf_sabre_throw_ord.class.req
Missing file noicon.texture
    Reqd by munged\pc\rep_inf_macewindu_low1.model.req

=== rep_hero_obiwan.lvl ===
Missing file imp_blasterrifle_icon.texture
    Reqd by ..\common\munged\pc\com_weap_inf_sabre_throw.class.req
Missing file hud_weap_semiauto.texture
    Reqd by ..\common\munged\pc\com_weap_inf_sabre_throw.class.req
Missing file reticule_rifle.texture
    Reqd by ..\common\munged\pc\com_weap_inf_sabre_throw.class.req
Missing file saber_twirl.class
    Reqd by ..\common\munged\pc\com_weap_inf_sabre_throw_ord.class.req
Missing file noicon.texture
    Reqd by munged\pc\rep_inf_ep3obiwan_low1.model.req

=== rep_hero_obiwan_old.lvl ===
Missing file noicon.texture
    Reqd by munged\pc\rep_inf_macewindu_low1.model.req

=== rep_hero_yoda.lvl ===
Missing file yodalz.zaabin
    Reqd by munged\pc\rep_hero_yoda.class.req

=== rep_hover_barcspeeder.lvl ===
Missing file hud_speederbike_icon.texture
    Reqd by munged\pc\rep_hover_barcspeeder.class.req
Missing file dustwake.config
    Reqd by munged\pc\rep_hover_barcspeeder.class.req
Missing file dirtspray.config
    Reqd by munged\pc\rep_hover_barcspeeder.class.req
Missing file com_weap_inf_ord_hum_lg.class
    Reqd by ..\common\munged\pc\com_weap_veh_laser_ord.class.req
Missing file barc_speeder.texture
    Reqd by munged\pc\rep_hover_barcspeeder.model.req
            munged\pc\rep_hover_barcspeeder_chunk1.model.req
            munged\pc\rep_hover_barcspeeder_chunk2.model.req
            munged\pc\rep_hover_barcspeeder_chunk3.model.req
            munged\pc\rep_hover_barcspeeder_chunk4.model.req
            munged\pc\rep_hover_barcspeeder_chunk5.model.req

=== rep_hover_fightertank.lvl ===
Missing file hud_rep_fightertank_icon.texture
    Reqd by munged\pc\rep_hover_fightertank.class.req
Missing file dirtspray.config
    Reqd by munged\pc\rep_hover_fightertank.class.req
Missing file com_weap_inf_ord_hum_lg.class
    Reqd by ..\common\munged\pc\com_weap_veh_laser_ord.class.req
Missing file com_weap_inf_ord_hum_rocket.class
    Reqd by ..\common\munged\pc\com_weap_veh_missile_ord.class.req

=== rep_hover_speederbike.lvl ===
Missing file hud_speederbike_icon.texture
    Reqd by munged\pc\rep_hover_speederbike.class.req
Missing file dustwake.config
    Reqd by munged\pc\rep_hover_speederbike.class.req
Missing file dirtspray.config
    Reqd by munged\pc\rep_hover_speederbike.class.req
Missing file com_weap_inf_ord_hum_lg.class
    Reqd by ..\common\munged\pc\com_weap_veh_laser_ord.class.req
Missing file barc_speeder.texture
    Reqd by munged\pc\rep_hover_barcspeeder.model.req
            munged\pc\rep_hover_barcspeeder_chunk1.model.req
            munged\pc\rep_hover_barcspeeder_chunk2.model.req
            munged\pc\rep_hover_barcspeeder_chunk3.model.req
            munged\pc\rep_hover_barcspeeder_chunk4.model.req
            munged\pc\rep_hover_barcspeeder_chunk5.model.req

=== rep_hover_swampspeeder.lvl ===
Missing file hud_combat_speeder_icon.texture
    Reqd by munged\pc\rep_hover_swampspeeder.class.req
Missing file hailfire_wake.config
    Reqd by munged\pc\rep_hover_swampspeeder.class.req
Missing file dirtspray.config
    Reqd by munged\pc\rep_hover_swampspeeder.class.req
Missing file com_weap_inf_ord_hum_lg.class
    Reqd by ..\common\munged\pc\com_weap_veh_chaingun_ord.class.req

=== rep_inf_ep2_engineer.lvl ===
Missing file com_weap_inf_ord_hum_sm.class
    Reqd by ..\common\munged\pc\com_weap_inf_shotgun_ord.class.req
            ..\common\munged\pc\com_weap_award_shotgun_ord.class.req
Missing file com_weap_inf_equip_med.class
    Reqd by munged\pc\rep_weap_inf_shotgun.class.req
            munged\pc\rep_weap_inf_fusioncutter.class.req
            munged\pc\rep_weap_inf_powerup_dispenser.class.req
            munged\pc\rep_weap_award_shotgun.class.req
Missing file hud_powerup_icon.texture
    Reqd by munged\pc\rep_weap_inf_powerup_dispenser.class.req
Missing file hud_weap_ammo.texture
    Reqd by munged\pc\rep_weap_inf_powerup_dispenser.class.req
Missing file reticule_00.texture
    Reqd by munged\pc\rep_weap_inf_powerup_dispenser.class.req

=== rep_inf_ep2_jettrooper.lvl ===
Missing file com_weap_inf_ord_hum_rocket.class
    Reqd by ..\common\munged\pc\com_weap_inf_rocket_launcher_ord.class.req
Missing file com_weap_inf_equip_lg.class
    Reqd by munged\pc\rep_weap_inf_emp_launcher.class.req
Missing file com_weap_inf_ord_hum_sm.class
    Reqd by ..\common\munged\pc\com_weap_inf_commando_pistol_ord.class.req
            ..\common\munged\pc\com_weap_award_pistol_ord.class.req
Missing file com_weap_inf_equip_sm.class
    Reqd by munged\pc\rep_weap_inf_commando_pistol.class.req
            munged\pc\rep_weap_inf_thermaldetonator.class.req
            munged\pc\rep_weap_award_pistol.class.req

=== rep_inf_ep2_jettrooper_rifleman.lvl ===
Missing file com_weap_inf_ord_hum_rocket.class
    Reqd by ..\common\munged\pc\com_weap_inf_rocket_launcher_ord.class.req
Missing file com_weap_inf_equip_lg.class
    Reqd by munged\pc\rep_weap_inf_emp_launcher.class.req
Missing file com_weap_inf_ord_hum_sm.class
    Reqd by ..\common\munged\pc\com_weap_inf_commando_pistol_ord.class.req
            ..\common\munged\pc\com_weap_award_pistol_ord.class.req
            ..\common\munged\pc\com_weap_inf_rifle_ord.class.req
            ..\common\munged\pc\com_weap_inf_pistol_ord.class.req
Missing file com_weap_inf_equip_sm.class
    Reqd by munged\pc\rep_weap_inf_commando_pistol.class.req
            munged\pc\rep_weap_inf_thermaldetonator.class.req
            munged\pc\rep_weap_award_pistol.class.req
            munged\pc\rep_weap_inf_pistol.class.req
Missing file com_weap_inf_equip_med.class
    Reqd by munged\pc\rep_weap_inf_rifle.class.req
            munged\pc\rep_weap_inf_fusioncutter.class.req

=== rep_inf_ep2_jettrooper_sniper.lvl ===
Missing file com_weap_inf_ord_hum_rocket.class
    Reqd by ..\common\munged\pc\com_weap_inf_rocket_launcher_ord.class.req
Missing file com_weap_inf_equip_lg.class
    Reqd by munged\pc\rep_weap_inf_emp_launcher.class.req
Missing file com_weap_inf_ord_hum_sm.class
    Reqd by ..\common\munged\pc\com_weap_inf_commando_pistol_ord.class.req
            ..\common\munged\pc\com_weap_award_pistol_ord.class.req
            ..\common\munged\pc\com_weap_inf_sniper_rifle_ord.class.req
            ..\common\munged\pc\com_weap_inf_pistol_ord.class.req
Missing file com_weap_inf_equip_sm.class
    Reqd by munged\pc\rep_weap_inf_commando_pistol.class.req
            munged\pc\rep_weap_inf_thermaldetonator.class.req
            munged\pc\rep_weap_award_pistol.class.req
            munged\pc\rep_weap_inf_pistol.class.req
Missing file com_weap_inf_equip_med.class
    Reqd by munged\pc\rep_weap_inf_sniper_rifle.class.req

=== rep_inf_ep2_jettrooper_training.lvl ===
Missing file com_weap_inf_ord_hum_rocket.class
    Reqd by ..\common\munged\pc\com_weap_inf_rocket_launcher_ord.class.req
Missing file com_weap_inf_equip_lg.class
    Reqd by munged\pc\rep_weap_inf_emp_launcher.class.req
Missing file com_weap_inf_ord_hum_sm.class
    Reqd by ..\common\munged\pc\com_weap_inf_commando_pistol_ord.class.req
            ..\common\munged\pc\com_weap_award_pistol_ord.class.req
Missing file com_weap_inf_equip_sm.class
    Reqd by munged\pc\rep_weap_inf_commando_pistol.class.req
            munged\pc\rep_weap_inf_thermaldetonator.class.req
            munged\pc\rep_weap_award_pistol.class.req

=== rep_inf_ep2_marine.lvl ===
Missing file com_weap_inf_ord_hum_sm.class
    Reqd by ..\common\munged\pc\com_weap_inf_rifle_ord.class.req
            ..\common\munged\pc\com_weap_award_rifle_ord.class.req
Missing file com_weap_inf_equip_med.class
    Reqd by munged\pc\rep_weap_inf_rifle.class.req
            munged\pc\rep_weap_award_rifle.class.req
Missing file com_weap_inf_ord_hum_rocket.class
    Reqd by ..\common\munged\pc\com_weap_inf_rocket_launcher_ord.class.req
Missing file com_weap_inf_equip_lg.class
    Reqd by munged\pc\rep_weap_inf_rocket_launcher.class.req
Missing file com_weap_inf_equip_sm.class
    Reqd by munged\pc\rep_weap_inf_thermaldetonator.class.req

=== rep_inf_ep2_officer.lvl ===
Missing file rep_inf_officer.class
    Reqd by ..\..\..\sides\ect\req\rep_inf_ep2_officer.req

=== rep_inf_ep2_officer_training.lvl ===
Missing file rep_inf_officer_training.class
    Reqd by ..\..\..\sides\ect\req\rep_inf_ep2_officer_training.req

=== rep_inf_ep2_pilot.lvl ===
Missing file com_weap_inf_ord_hum_sm.class
    Reqd by ..\common\munged\pc\com_weap_inf_commando_pistol_ord.class.req
            ..\common\munged\pc\com_weap_award_pistol_ord.class.req
Missing file com_weap_inf_equip_sm.class
    Reqd by munged\pc\rep_weap_inf_commando_pistol.class.req
            munged\pc\rep_weap_award_pistol.class.req
Missing file com_weap_inf_equip_med.class
    Reqd by munged\pc\rep_weap_inf_fusioncutter.class.req

=== rep_inf_ep2_rifleman.lvl ===
Missing file com_weap_inf_ord_hum_sm.class
    Reqd by ..\common\munged\pc\com_weap_inf_rifle_ord.class.req
            ..\common\munged\pc\com_weap_inf_pistol_ord.class.req
            ..\common\munged\pc\com_weap_award_rifle_ord.class.req
            ..\common\munged\pc\com_weap_award_pistol_ord.class.req
Missing file com_weap_inf_equip_med.class
    Reqd by munged\pc\rep_weap_inf_rifle.class.req
            munged\pc\rep_weap_award_rifle.class.req
Missing file com_weap_inf_equip_sm.class
    Reqd by munged\pc\rep_weap_inf_pistol.class.req
            munged\pc\rep_weap_inf_thermaldetonator.class.req
            munged\pc\rep_weap_award_pistol.class.req

=== rep_inf_ep2_rocketeer.lvl ===
Missing file rep_gunner_icon.texture
    Reqd by munged\pc\rep_inf_ep2_rocketeer.class.req
Missing file com_weap_inf_ord_hum_rocket.class
    Reqd by ..\common\munged\pc\com_weap_inf_rocket_launcher_ord.class.req
Missing file com_weap_inf_equip_lg.class
    Reqd by munged\pc\rep_weap_inf_rocket_launcher.class.req
            munged\pc\rep_weap_award_rocket_launcher.class.req
Missing file com_weap_inf_ord_hum_sm.class
    Reqd by ..\common\munged\pc\com_weap_inf_pistol_ord.class.req
            ..\common\munged\pc\com_weap_award_pistol_ord.class.req
Missing file com_weap_inf_equip_sm.class
    Reqd by munged\pc\rep_weap_inf_pistol.class.req
            munged\pc\rep_weap_inf_thermaldetonator.class.req
            munged\pc\rep_weap_award_pistol.class.req
Missing file com_weap_inf_equip_med.class
    Reqd by munged\pc\rep_weap_inf_mine_dispenser.class.req
Missing file bazooka.zafbin
    Reqd by munged\pc\rep_weap_award_rocket_launcher.class.req
Missing file bazooka.zaabin
    Reqd by munged\pc\rep_weap_award_rocket_launcher.class.req
Missing file hud_com_probedroid_health_icon.texture
    Reqd by ..\common\munged\pc\com_weap_veh_guided_rocket.class.req
Missing file x-wing_icon.texture
    Reqd by ..\common\munged\pc\com_weap_veh_guided_rocket_ord.class.req
            ..\common\munged\pc\com_weap_award_rocket_launcher_ord.class.req
Missing file hud_all_xwing_icon.texture
    Reqd by ..\common\munged\pc\com_weap_veh_guided_rocket_ord.class.req
            ..\common\munged\pc\com_weap_award_rocket_launcher_ord.class.req
Missing file reticule_rifle.texture
    Reqd by ..\common\munged\pc\com_weap_null.class.req

=== rep_inf_ep2_rocketeer_chaingun.lvl ===
Missing file rep_gunner_icon.texture
    Reqd by munged\pc\rep_inf_ep2_rocketeer_chaingun.class.req
Missing file com_weap_inf_ord_hum_rocket.class
    Reqd by ..\common\munged\pc\com_weap_inf_rocket_launcher_ord.class.req
Missing file com_weap_inf_equip_lg.class
    Reqd by munged\pc\rep_weap_inf_rocket_launcher.class.req
            munged\pc\rep_weap_award_rocket_launcher.class.req
            munged\pc\rep_weap_inf_chaingun.class.req
Missing file com_weap_inf_ord_hum_sm.class
    Reqd by ..\common\munged\pc\com_weap_inf_pistol_ord.class.req
            ..\common\munged\pc\com_weap_award_pistol_ord.class.req
            ..\common\munged\pc\com_weap_inf_chaingun_ord.class.req
            munged\pc\rep_weap_inf_chaingun_ord.class.req
Missing file com_weap_inf_equip_sm.class
    Reqd by munged\pc\rep_weap_inf_pistol.class.req
            munged\pc\rep_weap_inf_thermaldetonator.class.req
            munged\pc\rep_weap_award_pistol.class.req
Missing file com_weap_inf_equip_med.class
    Reqd by munged\pc\rep_weap_inf_mine_dispenser.class.req
Missing file bazooka.zafbin
    Reqd by munged\pc\rep_weap_award_rocket_launcher.class.req
Missing file bazooka.zaabin
    Reqd by munged\pc\rep_weap_award_rocket_launcher.class.req
Missing file hud_com_probedroid_health_icon.texture
    Reqd by ..\common\munged\pc\com_weap_veh_guided_rocket.class.req
Missing file x-wing_icon.texture
    Reqd by ..\common\munged\pc\com_weap_veh_guided_rocket_ord.class.req
            ..\common\munged\pc\com_weap_award_rocket_launcher_ord.class.req
Missing file hud_all_xwing_icon.texture
    Reqd by ..\common\munged\pc\com_weap_veh_guided_rocket_ord.class.req
            ..\common\munged\pc\com_weap_award_rocket_launcher_ord.class.req
Missing file reticule_rifle.texture
    Reqd by ..\common\munged\pc\com_weap_null.class.req

=== rep_inf_ep2_sniper.lvl ===
Missing file rep_gunner_icon.texture
    Reqd by munged\pc\rep_inf_ep2_sniper.class.req
Missing file com_weap_inf_ord_hum_sm.class
    Reqd by ..\common\munged\pc\com_weap_inf_sniper_rifle_ord.class.req
            ..\common\munged\pc\com_weap_inf_pistol_ord.class.req
            ..\common\munged\pc\com_weap_inf_autoturret_ord.class.req
            ..\common\munged\pc\com_weap_award_sniper_rifle_ord.class.req
            ..\common\munged\pc\com_weap_award_pistol_ord.class.req
Missing file com_weap_inf_equip_med.class
    Reqd by munged\pc\rep_weap_inf_sniper_rifle.class.req
            munged\pc\rep_weap_inf_autoturret_dispenser.class.req
            munged\pc\rep_weap_award_sniper_rifle.class.req
Missing file com_weap_inf_equip_sm.class
    Reqd by munged\pc\rep_weap_inf_pistol.class.req
            munged\pc\rep_weap_inf_thermaldetonator.class.req
            munged\pc\rep_weap_award_pistol.class.req

=== rep_inf_ep3_engineer.lvl ===
Missing file com_weap_inf_ord_hum_sm.class
    Reqd by ..\common\munged\pc\com_weap_inf_shotgun_ord.class.req
            ..\common\munged\pc\com_weap_award_shotgun_ord.class.req
Missing file com_weap_inf_equip_med.class
    Reqd by munged\pc\rep_weap_inf_shotgun.class.req
            munged\pc\rep_weap_inf_fusioncutter.class.req
            munged\pc\rep_weap_inf_powerup_dispenser.class.req
            munged\pc\rep_weap_award_shotgun.class.req
Missing file hud_powerup_icon.texture
    Reqd by munged\pc\rep_weap_inf_powerup_dispenser.class.req
Missing file hud_weap_ammo.texture
    Reqd by munged\pc\rep_weap_inf_powerup_dispenser.class.req
Missing file reticule_00.texture
    Reqd by munged\pc\rep_weap_inf_powerup_dispenser.class.req
Missing file noicon.texture
    Reqd by munged\pc\rep_inf_ep3armoredpilot.model.req

=== rep_inf_ep3_jettrooper.lvl ===
Missing file com_weap_inf_ord_hum_rocket.class
    Reqd by ..\common\munged\pc\com_weap_inf_rocket_launcher_ord.class.req
Missing file com_weap_inf_equip_lg.class
    Reqd by munged\pc\rep_weap_inf_emp_launcher.class.req
Missing file com_weap_inf_ord_hum_sm.class
    Reqd by ..\common\munged\pc\com_weap_inf_commando_pistol_ord.class.req
            ..\common\munged\pc\com_weap_award_pistol_ord.class.req
Missing file com_weap_inf_equip_sm.class
    Reqd by munged\pc\rep_weap_inf_commando_pistol.class.req
            munged\pc\rep_weap_inf_thermaldetonator.class.req
            munged\pc\rep_weap_award_pistol.class.req

=== rep_inf_ep3_marine.lvl ===
Missing file com_weap_inf_ord_hum_sm.class
    Reqd by ..\common\munged\pc\com_weap_inf_rifle_ord.class.req
            ..\common\munged\pc\com_weap_award_rifle_ord.class.req
Missing file com_weap_inf_equip_med.class
    Reqd by munged\pc\rep_weap_inf_rifle.class.req
            munged\pc\rep_weap_award_rifle.class.req
Missing file com_weap_inf_ord_hum_rocket.class
    Reqd by ..\common\munged\pc\com_weap_inf_rocket_launcher_ord.class.req
Missing file com_weap_inf_equip_lg.class
    Reqd by munged\pc\rep_weap_inf_rocket_launcher.class.req
Missing file com_weap_inf_equip_sm.class
    Reqd by munged\pc\rep_weap_inf_thermaldetonator.class.req

=== rep_inf_ep3_officer.lvl ===
Missing file com_weap_inf_ord_hum_sm.class
    Reqd by ..\common\munged\pc\com_weap_inf_chaingun_ord.class.req
            munged\pc\rep_weap_inf_chaingun_ord.class.req
            ..\common\munged\pc\com_weap_inf_pistol_ord.class.req
            ..\common\munged\pc\com_weap_award_pistol_ord.class.req
Missing file com_weap_inf_equip_lg.class
    Reqd by munged\pc\rep_weap_inf_chaingun.class.req
Missing file com_weap_inf_equip_sm.class
    Reqd by munged\pc\rep_weap_inf_pistol.class.req
            munged\pc\rep_weap_inf_remotedroid_blaster.class.req
            munged\pc\rep_weap_award_pistol.class.req
Missing file hud_com_probedroid_health_icon.texture
    Reqd by ..\common\munged\pc\com_weap_inf_remotedroid.class.req
            ..\common\munged\pc\com_weap_inf_remotedroid_ord.class.req
Missing file imp_pistol_icon.texture
    Reqd by ..\common\munged\pc\com_weap_inf_remotedroid_blaster.class.req
Missing file hud_weap_semiauto.texture
    Reqd by ..\common\munged\pc\com_weap_inf_remotedroid_blaster.class.req
Missing file reticule_pistol.texture
    Reqd by ..\common\munged\pc\com_weap_inf_remotedroid_blaster.class.req
Missing file hud_orbital_strike_icon.texture
    Reqd by ..\common\munged\pc\com_weap_inf_remotedroid_destruct.class.req
Missing file com_weap_inf_equip_med.class
    Reqd by munged\pc\rep_weap_inf_remotedroid.class.req

=== rep_inf_ep3_pilot.lvl ===
Missing file com_weap_inf_ord_hum_sm.class
    Reqd by ..\common\munged\pc\com_weap_inf_commando_pistol_ord.class.req
            ..\common\munged\pc\com_weap_award_pistol_ord.class.req
Missing file com_weap_inf_equip_sm.class
    Reqd by munged\pc\rep_weap_inf_commando_pistol.class.req
            munged\pc\rep_weap_award_pistol.class.req
Missing file com_weap_inf_equip_med.class
    Reqd by munged\pc\rep_weap_inf_fusioncutter.class.req

=== rep_inf_ep3_rifleman.lvl ===
Missing file com_weap_inf_ord_hum_sm.class
    Reqd by ..\common\munged\pc\com_weap_inf_rifle_ord.class.req
            ..\common\munged\pc\com_weap_inf_pistol_ord.class.req
            ..\common\munged\pc\com_weap_award_rifle_ord.class.req
            ..\common\munged\pc\com_weap_award_pistol_ord.class.req
Missing file com_weap_inf_equip_med.class
    Reqd by munged\pc\rep_weap_inf_rifle.class.req
            munged\pc\rep_weap_award_rifle.class.req
Missing file com_weap_inf_equip_sm.class
    Reqd by munged\pc\rep_weap_inf_pistol.class.req
            munged\pc\rep_weap_inf_thermaldetonator.class.req
            munged\pc\rep_weap_award_pistol.class.req

=== rep_inf_ep3_rifleman_space.lvl ===
Missing file rep_inf_ep3_rifleman_space.class
    Reqd by ..\..\..\sides\ect\req\rep_inf_ep3_rifleman_space.req

=== rep_inf_ep3_rocketeer.lvl ===
Missing file com_weap_inf_ord_hum_rocket.class
    Reqd by ..\common\munged\pc\com_weap_inf_rocket_launcher_ord.class.req
Missing file com_weap_inf_equip_lg.class
    Reqd by munged\pc\rep_weap_inf_rocket_launcher.class.req
            munged\pc\rep_weap_award_rocket_launcher.class.req
Missing file com_weap_inf_ord_hum_sm.class
    Reqd by ..\common\munged\pc\com_weap_inf_pistol_ord.class.req
            ..\common\munged\pc\com_weap_award_pistol_ord.class.req
Missing file com_weap_inf_equip_sm.class
    Reqd by munged\pc\rep_weap_inf_pistol.class.req
            munged\pc\rep_weap_inf_thermaldetonator.class.req
            munged\pc\rep_weap_award_pistol.class.req
Missing file com_weap_inf_equip_med.class
    Reqd by munged\pc\rep_weap_inf_mine_dispenser.class.req
Missing file bazooka.zafbin
    Reqd by munged\pc\rep_weap_award_rocket_launcher.class.req
Missing file bazooka.zaabin
    Reqd by munged\pc\rep_weap_award_rocket_launcher.class.req
Missing file hud_com_probedroid_health_icon.texture
    Reqd by ..\common\munged\pc\com_weap_veh_guided_rocket.class.req
Missing file x-wing_icon.texture
    Reqd by ..\common\munged\pc\com_weap_veh_guided_rocket_ord.class.req
            ..\common\munged\pc\com_weap_award_rocket_launcher_ord.class.req
Missing file hud_all_xwing_icon.texture
    Reqd by ..\common\munged\pc\com_weap_veh_guided_rocket_ord.class.req
            ..\common\munged\pc\com_weap_award_rocket_launcher_ord.class.req
Missing file reticule_rifle.texture
    Reqd by ..\common\munged\pc\com_weap_null.class.req

=== rep_inf_ep3_sniper.lvl ===
Missing file com_weap_inf_ord_hum_sm.class
    Reqd by ..\common\munged\pc\com_weap_inf_sniper_rifle_ord.class.req
            ..\common\munged\pc\com_weap_inf_pistol_ord.class.req
            ..\common\munged\pc\com_weap_inf_autoturret_ord.class.req
            ..\common\munged\pc\com_weap_award_sniper_rifle_ord.class.req
            ..\common\munged\pc\com_weap_award_pistol_ord.class.req
Missing file com_weap_inf_equip_med.class
    Reqd by munged\pc\rep_weap_inf_sniper_rifle.class.req
            munged\pc\rep_weap_inf_autoturret_dispenser.class.req
            munged\pc\rep_weap_award_sniper_rifle.class.req
Missing file com_weap_inf_equip_sm.class
    Reqd by munged\pc\rep_weap_inf_pistol.class.req
            munged\pc\rep_weap_inf_thermaldetonator.class.req
            munged\pc\rep_weap_award_pistol.class.req

=== rep_inf_ep3_sniper_felucia.lvl ===
Missing file com_weap_inf_ord_hum_sm.class
    Reqd by ..\common\munged\pc\com_weap_inf_sniper_rifle_ord.class.req
            ..\common\munged\pc\com_weap_inf_pistol_ord.class.req
            ..\common\munged\pc\com_weap_inf_autoturret_ord.class.req
            ..\common\munged\pc\com_weap_award_sniper_rifle_ord.class.req
            ..\common\munged\pc\com_weap_award_pistol_ord.class.req
Missing file com_weap_inf_equip_med.class
    Reqd by munged\pc\rep_weap_inf_sniper_rifle.class.req
            munged\pc\rep_weap_inf_autoturret_dispenser.class.req
            munged\pc\rep_weap_award_sniper_rifle.class.req
Missing file com_weap_inf_equip_sm.class
    Reqd by munged\pc\rep_weap_inf_pistol.class.req
            munged\pc\rep_weap_inf_thermaldetonator.class.req
            munged\pc\rep_weap_award_pistol.class.req

=== rep_inf_ep3_space_pilot.lvl ===
Missing file rep_inf_ep3_space_pilot.class
    Reqd by ..\..\..\sides\ect\req\rep_inf_ep3_space_pilot.req

=== rep_walk_atte.lvl ===
Missing file hud_rep_atte_icon.texture
    Reqd by munged\pc\rep_walk_atte.class.req
Missing file ginormousdustcloud.config
    Reqd by munged\pc\rep_walk_atte.class.req
Missing file dirtspray.config
    Reqd by munged\pc\rep_walk_atte.class.req
Missing file atat_explosion.class
    Reqd by munged\pc\rep_walk_atte.class.req
Missing file com_weap_inf_ord_hum_lg.class
    Reqd by ..\common\munged\pc\com_weap_veh_laser_ord.class.req
            ..\common\munged\pc\com_weap_veh_recoilless_ord.class.req
            munged\pc\rep_weap_walk_atte_recoilless_ord.class.req
            munged\pc\rep_weap_walk_atte_turret_cannon_ord.class.req
            ..\common\munged\pc\com_weap_veh_chaingun_ord.class.req

=== rep_walk_atte_nospawn.lvl ===
Missing file rep_walk_atte_nospawn.class
    Reqd by ..\..\..\sides\ect\req\rep_walk_atte_nospawn.req

=== rep_walk_oneman_atst.lvl ===
Missing file hud_imp_atst_icon.texture
    Reqd by munged\pc\rep_walk_oneman_atst.class.req
Missing file com_weap_inf_ord_hum_lg.class
    Reqd by ..\common\munged\pc\com_weap_veh_laser_ord.class.req
Missing file com_weap_inf_ord_hum_rocket.class
    Reqd by ..\common\munged\pc\com_weap_veh_mortar_ord.class.req
Missing file dirtspray.config
    Reqd by munged\pc\rep_walk_oneman_atst.class.req

=== uta1_prop_gunship.lvl ===
Missing file hud_rep_gunship_icon.texture
    Reqd by munged\pc\uta_fly_ride_gunship.class.req
Missing file com_weap_inf_ord_hum_lg.class
    Reqd by ..\common\munged\pc\com_weap_veh_fly_recoilless_ord.class.req
            munged\pc\rep_weap_fly_gunship_cannon_weak_ord.class.req
Missing file vehicle_equip.class
    Reqd by ..\common\munged\pc\com_weap_veh_fly_torpedo.class.req
Missing file large_cannon_impacts.config
    Reqd by ..\common\munged\pc\com_weap_veh_fly_torpedo_ord.class.req
Missing file all_proton_torpedo.class
    Reqd by ..\common\munged\pc\com_weap_veh_fly_torpedo_ord.class.req
Missing file com_weap_inf_ord_hum_rocket.class
    Reqd by ..\common\munged\pc\com_weap_veh_fly_torpedo_ord.class.req
Missing file hud_all_lascannon_icon.texture
    Reqd by munged\pc\rep_weap_fly_gunship_wing.class.req
Missing file reticule_rifle.texture
    Reqd by munged\pc\rep_weap_fly_gunship_wing.class.req
            munged\pc\rep_weap_fly_gunship_cannon_weak.class.req
Missing file hud_weap_semiauto.texture
    Reqd by munged\pc\rep_weap_fly_gunship_wing.class.req
Missing file cis_sfx_weap_spiderdroid_ord_exp.config
    Reqd by munged\pc\rep_weap_fly_gunship_wing_ord.class.req
Missing file imp_blasterrifle_icon.texture
    Reqd by munged\pc\rep_weap_fly_gunship_cannon_weak.class.req
Missing file hud_weap_fullauto.texture
    Reqd by munged\pc\rep_weap_fly_gunship_cannon_weak.class.req
Missing file dirtspray.config
    Reqd by munged\pc\uta_fly_ride_gunship.class.req

=== uta_fly_ride_gunship.lvl ===
Missing file hud_rep_gunship_icon.texture
    Reqd by munged\pc\uta_fly_ride_gunship.class.req
Missing file com_weap_inf_ord_hum_lg.class
    Reqd by ..\common\munged\pc\com_weap_veh_fly_recoilless_ord.class.req
            munged\pc\rep_weap_fly_gunship_cannon_weak_ord.class.req
Missing file vehicle_equip.class
    Reqd by ..\common\munged\pc\com_weap_veh_fly_torpedo.class.req
Missing file large_cannon_impacts.config
    Reqd by ..\common\munged\pc\com_weap_veh_fly_torpedo_ord.class.req
Missing file all_proton_torpedo.class
    Reqd by ..\common\munged\pc\com_weap_veh_fly_torpedo_ord.class.req
Missing file com_weap_inf_ord_hum_rocket.class
    Reqd by ..\common\munged\pc\com_weap_veh_fly_torpedo_ord.class.req
Missing file hud_all_lascannon_icon.texture
    Reqd by munged\pc\rep_weap_fly_gunship_wing.class.req
Missing file reticule_rifle.texture
    Reqd by munged\pc\rep_weap_fly_gunship_wing.class.req
            munged\pc\rep_weap_fly_gunship_cannon_weak.class.req
Missing file hud_weap_semiauto.texture
    Reqd by munged\pc\rep_weap_fly_gunship_wing.class.req
Missing file cis_sfx_weap_spiderdroid_ord_exp.config
    Reqd by munged\pc\rep_weap_fly_gunship_wing_ord.class.req
Missing file imp_blasterrifle_icon.texture
    Reqd by munged\pc\rep_weap_fly_gunship_cannon_weak.class.req
Missing file hud_weap_fullauto.texture
    Reqd by munged\pc\rep_weap_fly_gunship_cannon_weak.class.req
Missing file dirtspray.config
    Reqd by munged\pc\uta_fly_ride_gunship.class.req

=== uta_fly_ride_gunshipmyg.lvl ===
Missing file hud_rep_gunship_icon.texture
    Reqd by munged\pc\uta_fly_ride_gunshipmyg.class.req
Missing file com_weap_inf_ord_hum_lg.class
    Reqd by ..\common\munged\pc\com_weap_veh_fly_recoilless_ord.class.req
            munged\pc\rep_weap_fly_gunship_cannon_weak_ord.class.req
Missing file vehicle_equip.class
    Reqd by ..\common\munged\pc\com_weap_veh_fly_torpedo.class.req
Missing file large_cannon_impacts.config
    Reqd by ..\common\munged\pc\com_weap_veh_fly_torpedo_ord.class.req
Missing file all_proton_torpedo.class
    Reqd by ..\common\munged\pc\com_weap_veh_fly_torpedo_ord.class.req
Missing file com_weap_inf_ord_hum_rocket.class
    Reqd by ..\common\munged\pc\com_weap_veh_fly_torpedo_ord.class.req
Missing file hud_all_lascannon_icon.texture
    Reqd by munged\pc\rep_weap_fly_gunship_wing.class.req
Missing file reticule_rifle.texture
    Reqd by munged\pc\rep_weap_fly_gunship_wing.class.req
            munged\pc\rep_weap_fly_gunship_cannon_weak.class.req
Missing file hud_weap_semiauto.texture
    Reqd by munged\pc\rep_weap_fly_gunship_wing.class.req
Missing file cis_sfx_weap_spiderdroid_ord_exp.config
    Reqd by munged\pc\rep_weap_fly_gunship_wing_ord.class.req
Missing file imp_blasterrifle_icon.texture
    Reqd by munged\pc\rep_weap_fly_gunship_cannon_weak.class.req
Missing file hud_weap_fullauto.texture
    Reqd by munged\pc\rep_weap_fly_gunship_cannon_weak.class.req
Missing file dirtspray.config
    Reqd by munged\pc\uta_fly_ride_gunshipmyg.class.req
   0 Errors    0 Warnings

